RCSticker/build/outputs/logs/manifest-merger-debug-report.txt
-- Merging decision tree log ---
manifest
ADDED from src\main\AndroidManifest.xml:1:1-12:12
INJECTED from src\main\AndroidManifest.xml:1:1-12:12
INJECTED from src\main\AndroidManifest.xml:1:1-12:12
INJECTED from src\main\AndroidManifest.xml:1:1-12:12
INJECTED from src\main\AndroidManifest.xml:1:1-12:12
INJECTED from src\main\AndroidManifest.xml:1:1-12:12
INJECTED from src\main\AndroidManifest.xml:1:1-12:12
	package
		ADDED from src\main\AndroidManifest.xml:2:5-30
		INJECTED from src\main\AndroidManifest.xml
		INJECTED from src\main\AndroidManifest.xml
	android:versionName
		INJECTED from src\main\AndroidManifest.xml
		ADDED from src\main\AndroidManifest.xml:1:1-12:12
		INJECTED from src\main\AndroidManifest.xml
	android:versionCode
		INJECTED from src\main\AndroidManifest.xml
		ADDED from src\main\AndroidManifest.xml:1:1-12:12
		INJECTED from src\main\AndroidManifest.xml
	xmlns:android
		ADDED from src\main\AndroidManifest.xml:1:11-69
application
ADDED from src\main\AndroidManifest.xml:4:5-10:19
	android:label
		ADDED from src\main\AndroidManifest.xml:4:18-50
activity#io.rong.sticker.mysticker.MyStickerActivity
ADDED from src\main\AndroidManifest.xml:6:9-8:52
	android:screenOrientation
		ADDED from src\main\AndroidManifest.xml:8:13-49
	android:name
		ADDED from src\main\AndroidManifest.xml:7:13-56
uses-sdk
INJECTED from src\main\AndroidManifest.xml reason: use-sdk injection requested
INJECTED from src\main\AndroidManifest.xml
INJECTED from src\main\AndroidManifest.xml
INJECTED from src\main\AndroidManifest.xml
INJECTED from src\main\AndroidManifest.xml
	android:targetSdkVersion
		INJECTED from src\main\AndroidManifest.xml
		ADDED from src\main\AndroidManifest.xml
		INJECTED from src\main\AndroidManifest.xml
	android:minSdkVersion
		INJECTED from src\main\AndroidManifest.xml
		ADDED from src\main\AndroidManifest.xml
		INJECTED from src\main\AndroidManifest.xml